<?xml version="1.0" encoding="UTF-8"?>
<testsuite xmlns:xsi="http://www.w3.org/2001/XMLSchema-instance" xsi:noNamespaceSchemaLocation="https://maven.apache.org/surefire/maven-surefire-plugin/xsd/surefire-test-report.xsd" version="3.0.2" name="com.tracker.controller.AdminControllerTest" time="2.028" tests="7" errors="0" skipped="0" failures="0">
  <properties>
[...]
</properties>
  <testcase name="getAllUsers_WhenAdmin_ReturnsOk" classname="com.tracker.controller.AdminControllerTest" time="0.133">
    <system-out><![CDATA[00:09:44.545 [main] INFO org.springframework.test.context.support.AnnotationConfigContextLoaderUtils -- Could not detect default configuration classes for test class [com.tracker.controller.AdminControllerTest]: AdminControllerTest does not declare any static, non-private, non-final, nested classes annotated with @Configuration.
00:09:44.710 [main] INFO org.springframework.boot.test.context.SpringBootTestContextBootstrapper -- Found @SpringBootConfiguration com.tracker.StatusTrackerApplication for test class com.tracker.controller.AdminControllerTest

  .   ____          _            __ _ _
 /\\ / ___'_ __ _ _(_)_ __  __ _ \ \ \ \
( ( )\___ | '_ | '_| | '_ \/ _` | \ \ \ \
 \\/  ___)| |_)| | | | | || (_| |  ) ) ) )
  '  |____| .__|_| |_|_| |_\__, | / / / /
 =========|_|==============|___/=/_/_/_/

 :: Spring Boot ::               (v3.4.13)

2026-06-29T00:09:45.109+05:30  INFO 16372 --- [status-tracker] [           main] c.t.controller.AdminControllerTest       : Starting AdminControllerTest using Java 26.0.1 with PID 16372 (started by Vishnu in C:\Users\Vishnu\Desktop\Projects\Status-tracker-adding-Backend\backend)
2026-06-29T00:09:45.109+05:30  INFO 16372 --- [status-tracker] [           main] c.t.controller.AdminControllerTest       : No active profile set, falling back to 1 default profile: "default"
2026-06-29T00:09:46.069+05:30  WARN 16372 --- [status-tracker] [           main] .s.s.UserDetailsServiceAutoConfiguration : 

Using generated security password: 6a79130f-9505-4015-857e-c6cde8d9b7ea

This generated password is for development use only. Your security configuration must be updated before running your application in production.

2026-06-29T00:09:46.088+05:30  INFO 16372 --- [status-tracker] [           main] r$InitializeUserDetailsManagerConfigurer : Global AuthenticationManager configured with UserDetailsService bean with name inMemoryUserDetailsManager
2026-06-29T00:09:46.221+05:30  INFO 16372 --- [status-tracker] [           main] o.s.b.t.m.w.SpringBootMockServletContext : Initializing Spring TestDispatcherServlet ''
2026-06-29T00:09:46.221+05:30  INFO 16372 --- [status-tracker] [           main] o.s.t.web.servlet.TestDispatcherServlet  : Initializing Servlet ''
2026-06-29T00:09:46.222+05:30  INFO 16372 --- [status-tracker] [           main] o.s.t.web.servlet.TestDispatcherServlet  : Completed initialization in 1 ms
2026-06-29T00:09:46.239+05:30  INFO 16372 --- [status-tracker] [           main] c.t.controller.AdminControllerTest       : Started AdminControllerTest in 1.461 seconds (process running for 3.415)
]]></system-out>
  </testcase>
  <testcase name="getPerUserSummary_WhenAdmin_ReturnsOk" classname="com.tracker.controller.AdminControllerTest" time="0.013"/>
  <testcase name="getOverallSummary_WhenAdmin_ReturnsOk" classname="com.tracker.controller.AdminControllerTest" time="0.006"/>
  <testcase name="getAllEntries_WhenAdmin_ReturnsOk" classname="com.tracker.controller.AdminControllerTest" time="0.013"/>
  <testcase name="getAllEntries_WhenNotAuthenticated_ReturnsUnauthorized" classname="com.tracker.controller.AdminControllerTest" time="0.009"/>
  <testcase name="updateRole_WhenAdmin_ReturnsOk" classname="com.tracker.controller.AdminControllerTest" time="0.045"/>
  <testcase name="getAllEntries_WhenRegularEmployee_ReturnsForbidden" classname="com.tracker.controller.AdminControllerTest" time="0.009"/>
</testsuite>